<?xml version="1.0" encoding="UTF-8"?>
<testsuite xmlns:xsi="http://www.w3.org/2001/XMLSchema-instance" xsi:noNamespaceSchemaLocation="https://maven.apache.org/surefire/maven-surefire-plugin/xsd/surefire-test-report-3.0.xsd" version="3.0" name="catalog.CourseTiles_Test" time="79.812" tests="1" errors="0" skipped="0" failures="0">
  <properties>
[...]
</properties>
  <testcase name="checkDataOnLessonPage" classname="catalog.CourseTiles_Test" time="79.255">
    <system-out><![CDATA[[01:48:07.726] | INFO  | main                             | ProjectWork                      | Open browser
[01:48:07.780] | INFO  | main                             | ProjectWork                      | Lesson name found: Python QA Engineer
[01:48:07.802] | INFO  | main                             | ProjectWork                      | Course start date and duration: 28 февраля, 2024 · 5 месяцев
[01:48:10.522] | INFO  | main                             | ProjectWork                      | Header present
[01:48:12.634] | INFO  | main                             | ProjectWork                      | Description present
[01:48:14.855] | INFO  | main                             | ProjectWork                      | Course duration is determined
[01:48:16.833] | INFO  | main                             | ProjectWork                      | Expected course format
[01:48:16.870] | INFO  | main                             | ProjectWork                      | Lesson name found: Java QA Engineer. Professional
[01:48:16.888] | INFO  | main                             | ProjectWork                      | Course start date and duration: 29 февраля, 2024 · 4 месяца
[01:48:18.985] | INFO  | main                             | ProjectWork                      | Header present
[01:48:20.503] | INFO  | main                             | ProjectWork                      | Description present
[01:48:22.511] | INFO  | main                             | ProjectWork                      | Course duration is determined
[01:48:24.307] | INFO  | main                             | ProjectWork                      | Expected course format
[01:48:24.340] | INFO  | main                             | ProjectWork                      | Lesson name found: JavaScript QA Engineer
[01:48:24.357] | INFO  | main                             | ProjectWork                      | Course start date and duration: 27 марта, 2024 · 4 месяца
[01:48:26.270] | INFO  | main                             | ProjectWork                      | Header present
[01:48:27.867] | INFO  | main                             | ProjectWork                      | Description present
[01:48:29.519] | INFO  | main                             | ProjectWork                      | Course duration is determined
[01:48:32.361] | INFO  | main                             | ProjectWork                      | Expected course format
[01:48:32.393] | INFO  | main                             | ProjectWork                      | Lesson name found: Java QA Engineer. Basic
[01:48:32.410] | INFO  | main                             | ProjectWork                      | Course start date and duration: 27 марта, 2024 · 4 месяца
[01:48:35.515] | INFO  | main                             | ProjectWork                      | Header present
[01:48:37.462] | INFO  | main                             | ProjectWork                      | Description present
[01:48:39.181] | INFO  | main                             | ProjectWork                      | Course duration is determined
[01:48:40.862] | INFO  | main                             | ProjectWork                      | Expected course format
[01:48:40.894] | INFO  | main                             | ProjectWork                      | Lesson name found: Нагрузочное тестирование
[01:48:40.911] | INFO  | main                             | ProjectWork                      | Course start date and duration: 28 марта, 2024 · 4 месяца
[01:48:43.119] | INFO  | main                             | ProjectWork                      | Header present
[01:48:44.911] | INFO  | main                             | ProjectWork                      | Description present
[01:48:46.606] | INFO  | main                             | ProjectWork                      | Course duration is determined
[01:48:48.407] | INFO  | main                             | ProjectWork                      | Expected course format
[01:48:48.438] | INFO  | main                             | ProjectWork                      | Lesson name found: QA Automation Engineer
[01:48:48.455] | INFO  | main                             | ProjectWork                      | Course start date and duration: 28 марта, 2024 · 10 месяцев
[01:48:50.236] | INFO  | main                             | ProjectWork                      | Header present
[01:48:51.902] | INFO  | main                             | ProjectWork                      | Description present
[01:48:54.634] | INFO  | main                             | ProjectWork                      | Course duration is determined
[01:48:56.438] | INFO  | main                             | ProjectWork                      | Expected course format
[01:48:56.469] | INFO  | main                             | ProjectWork                      | Lesson name found: QA Engineer. Basic
[01:48:56.486] | INFO  | main                             | ProjectWork                      | Course start date and duration: 24 апреля, 2024 · 4 месяца
[01:48:59.080] | INFO  | main                             | ProjectWork                      | Header present
[01:49:00.932] | INFO  | main                             | ProjectWork                      | Description present
[01:49:03.372] | INFO  | main                             | ProjectWork                      | Course duration is determined
[01:49:04.903] | INFO  | main                             | ProjectWork                      | Expected course format
[01:49:04.933] | INFO  | main                             | ProjectWork                      | Lesson name found: Kotlin QA Engineer
[01:49:04.952] | INFO  | main                             | ProjectWork                      | Course start date and duration: 25 апреля, 2024 · 4 месяца
[01:49:06.656] | INFO  | main                             | ProjectWork                      | Header present
[01:49:07.963] | INFO  | main                             | ProjectWork                      | Description present
[01:49:10.531] | INFO  | main                             | ProjectWork                      | Course duration is determined
[01:49:13.191] | INFO  | main                             | ProjectWork                      | Expected course format
[01:49:13.222] | INFO  | main                             | ProjectWork                      | Lesson name found: QA Lead
[01:49:13.238] | INFO  | main                             | ProjectWork                      | Course start date and duration: 25 апреля, 2024 · 6 месяцев
[01:49:14.765] | INFO  | main                             | ProjectWork                      | Header present
[01:49:16.844] | INFO  | main                             | ProjectWork                      | Description present
[01:49:18.584] | INFO  | main                             | ProjectWork                      | Course duration is determined
[01:49:20.726] | INFO  | main                             | ProjectWork                      | Expected course format
[01:49:20.901] | INFO  | main                             | ProjectWork                      | Close browser
]]></system-out>
    <system-err><![CDATA[SLF4J(W): No SLF4J providers were found.
SLF4J(W): Defaulting to no-operation (NOP) logger implementation
SLF4J(W): See https://www.slf4j.org/codes.html#noProviders for further details.
]]></system-err>
  </testcase>
</testsuite>